[2025-09-22 08:10:03] === CIERRE INICIADO para fecha 2025-09-21 ===
[2025-09-22 08:10:03] Empleados con marca: 4
[2025-09-22 08:10:03] CSV generado: C:\xampp\htdocs\Checador_Scap/reportes/reporte_asistencias_2025-09-21.csv
[2025-09-23 08:18:59] === CIERRE INICIADO para fecha 2025-09-22 ===
[2025-09-23 08:18:59] Empleados con marca: 4
[2025-09-23 08:18:59] CSV generado: C:\xampp\htdocs\Checador_Scap/reportes/reporte_asistencias_2025-09-22.csv
[2025-09-23 08:19:42] === CIERRE INICIADO para fecha 2025-09-23 ===
[2025-09-23 08:19:42] Empleados con marca: 4
[2025-09-23 08:19:42] CSV generado: C:\xampp\htdocs\Checador_Scap/reportes/reporte_asistencias_2025-09-23.csv
[2025-09-23 08:19:42] Fila creada en reportes para 2025-09-23
[2025-09-23 08:19:42] Horas limpiadas en empleados.
[2025-09-23 08:19:42] === CIERRE FINALIZADO ===
[2025-09-24 08:20:29] === CIERRE INICIADO para fecha 2025-09-23 ===
[2025-09-24 08:20:29] Empleados con marca: 0
[2025-09-24 08:20:29] No había marcas; no se creó CSV ni histórico.
[2025-09-24 08:20:29] Horas limpiadas en empleados.
[2025-09-24 08:20:29] === CIERRE FINALIZADO ===
[2025-09-24 08:21:47] === CIERRE INICIADO para fecha 2025-09-24 ===
[2025-09-24 08:21:47] Empleados con marca: 2
[2025-09-24 08:21:47] CSV generado: C:\xampp\htdocs\Checador_Scap/reportes/reporte_asistencias_2025-09-24.csv
[2025-09-24 08:21:47] Fila creada en reportes para 2025-09-24
[2025-09-24 08:21:47] Horas limpiadas en empleados.
[2025-09-24 08:21:47] === CIERRE FINALIZADO ===
[2025-09-25 08:22:27] === CIERRE INICIADO para fecha 2025-09-24 ===
[2025-09-25 08:22:27] Empleados con marca: 0
[2025-09-25 08:22:27] No había marcas; no se creó CSV ni histórico.
[2025-09-25 08:22:27] Horas limpiadas en empleados.
[2025-09-25 08:22:27] === CIERRE FINALIZADO ===
[2025-09-25 08:24:08] === CIERRE INICIADO para fecha 2025-09-25 ===
[2025-09-25 08:24:08] Empleados con marca: 1
[2025-09-25 08:24:08] CSV generado: C:\xampp\htdocs\Checador_Scap/reportes/reporte_asistencias_2025-09-25.csv
[2025-09-25 08:24:08] Fila creada en reportes para 2025-09-25
[2025-09-25 08:24:08] Horas limpiadas en empleados.
[2025-09-25 08:24:08] === CIERRE FINALIZADO ===
[2025-09-26 08:25:44] === CIERRE INICIADO para fecha 2025-09-25 ===
[2025-09-26 08:25:44] Empleados con marca: 0
[2025-09-26 08:25:44] No había marcas; no se creó CSV ni histórico.
[2025-09-26 08:25:44] Horas limpiadas en empleados.
[2025-09-26 08:25:44] === CIERRE FINALIZADO ===
[2025-09-26 08:28:04] === CIERRE INICIADO para fecha 2025-09-26 ===
[2025-09-26 08:28:04] Empleados con marca: 2
[2025-09-26 08:28:04] CSV generado: C:\xampp\htdocs\Checador_Scap/reportes/reporte_asistencias_2025-09-26.csv
[2025-09-26 08:28:04] Fila creada en reportes para 2025-09-26
[2025-09-26 08:28:04] Horas limpiadas en empleados.
[2025-09-26 08:28:04] === CIERRE FINALIZADO ===
[2025-09-27 08:28:43] === CIERRE INICIADO para fecha 2025-09-26 ===
[2025-09-27 08:28:43] Empleados con marca: 0
[2025-09-27 08:28:43] No había marcas; no se creó CSV ni histórico.
[2025-09-27 08:28:43] Horas limpiadas en empleados.
[2025-09-27 08:28:43] === CIERRE FINALIZADO ===
[2025-09-27 08:29:42] === CIERRE INICIADO para fecha 2025-09-27 ===
[2025-09-27 08:29:42] Empleados con marca: 2
[2025-09-27 08:29:42] CSV generado: C:\xampp\htdocs\Checador_Scap/reportes/reporte_asistencias_2025-09-27.csv
[2025-09-27 08:29:42] Fila creada en reportes para 2025-09-27
[2025-09-27 08:29:42] Horas limpiadas en empleados.
[2025-09-27 08:29:42] === CIERRE FINALIZADO ===
[2025-10-04 08:30:21] === CIERRE INICIADO para fecha 2025-10-03 ===
[2025-10-04 08:30:21] Empleados con marca: 0
[2025-10-04 08:30:21] No había marcas; no se creó CSV ni histórico.
[2025-10-04 08:30:21] Horas limpiadas en empleados.
[2025-10-04 08:30:21] === CIERRE FINALIZADO ===
[2025-10-04 08:32:06] === CIERRE INICIADO para fecha 2025-10-04 ===
[2025-10-04 08:32:06] Empleados con marca: 2
[2025-10-04 08:32:06] CSV generado: C:\xampp\htdocs\Checador_Scap/reportes/reporte_asistencias_2025-10-04.csv
[2025-10-04 08:32:06] Fila creada en reportes para 2025-10-04
[2025-10-04 08:32:06] Horas limpiadas en empleados.
[2025-10-04 08:32:06] === CIERRE FINALIZADO ===
[2025-10-10 08:32:43] === CIERRE INICIADO para fecha 2025-10-09 ===
[2025-10-10 08:32:43] Empleados con marca: 0
[2025-10-10 08:32:43] No había marcas; no se creó CSV ni histórico.
[2025-10-10 08:32:43] Horas limpiadas en empleados.
[2025-10-10 08:32:43] === CIERRE FINALIZADO ===
[2025-10-10 08:39:26] === CIERRE INICIADO para fecha 2025-10-10 ===
[2025-10-10 08:39:26] Empleados con marca: 2
[2025-10-10 08:39:26] CSV generado: C:\xampp\htdocs\Checador_Scap/reportes/reporte_asistencias_2025-10-10.csv
[2025-10-10 08:39:26] Fila creada en reportes para 2025-10-10
[2025-10-10 08:39:26] Horas limpiadas en empleados.
[2025-10-10 08:39:26] === CIERRE FINALIZADO ===
[2025-10-11 08:40:02] === CIERRE INICIADO para fecha 2025-10-10 ===
[2025-10-11 08:40:02] Empleados con marca: 0
[2025-10-11 08:40:02] No había marcas; no se creó CSV ni histórico.
[2025-10-11 08:40:02] Horas limpiadas en empleados.
[2025-10-11 08:40:02] === CIERRE FINALIZADO ===
[2025-10-11 08:41:01] === CIERRE INICIADO para fecha 2025-10-11 ===
[2025-10-11 08:41:01] Empleados con marca: 1
[2025-10-11 08:41:01] CSV generado: C:\xampp\htdocs\Checador_Scap/reportes/reporte_asistencias_2025-10-11.csv
[2025-10-11 08:41:01] Fila creada en reportes para 2025-10-11
[2025-10-11 08:41:01] Horas limpiadas en empleados.
[2025-10-11 08:41:01] === CIERRE FINALIZADO ===
[2025-09-20 22:24:04] === CIERRE INICIADO para fecha 2025-09-19 ===
[2025-09-20 22:24:04] Empleados con marca: 0
[2025-09-20 22:24:04] No había marcas; no se creó CSV ni histórico.
[2025-09-20 22:24:04] Horas limpiadas en empleados.
[2025-09-20 22:24:04] === CIERRE FINALIZADO ===
[2025-09-22 14:27:33] === CIERRE INICIADO para fecha 2025-09-21 ===
[2025-09-22 14:27:33] Empleados con marca: 0
[2025-09-22 14:27:33] No había marcas; no se creó CSV ni histórico.
[2025-09-22 14:27:33] Horas limpiadas en empleados.
[2025-09-22 14:27:33] === CIERRE FINALIZADO ===
[2025-09-22 14:58:26] === CIERRE INICIADO para fecha 2025-09-22 ===
[2025-09-22 14:58:26] Empleados con marca: 1
[2025-09-22 14:58:26] CSV generado: C:\xampp\htdocs\Checador_Scap/reportes/reporte_asistencias_2025-09-22.csv
[2025-09-22 14:58:26] Fila creada en reportes para 2025-09-22
[2025-09-22 14:58:27] Horas limpiadas en empleados.
[2025-09-22 14:58:27] === CIERRE FINALIZADO ===
[2025-09-23 20:02:05] === CIERRE INICIADO para fecha 2025-09-22 ===
[2025-09-23 20:02:05] Empleados con marca: 1
[2025-09-23 20:02:05] CSV generado: C:\xampp\htdocs\Checador_Scap/reportes/reporte_asistencias_2025-09-22.csv
[2025-09-24 11:23:42] === CIERRE INICIADO para fecha 2025-09-23 ===
[2025-09-24 11:23:42] Empleados con marca: 1
[2025-09-24 11:23:42] CSV generado: C:\xampp\htdocs\Checador_Scap/reportes/reporte_asistencias_2025-09-23.csv
[2025-09-24 11:36:29] === CIERRE INICIADO para fecha 2025-09-24 ===
[2025-09-24 11:36:29] Empleados con marca: 2
[2025-09-24 11:36:29] CSV generado: C:\xampp\htdocs\Checador_Scap/reportes/reporte_asistencias_2025-09-24.csv
[2025-09-24 11:36:29] Fila creada en reportes para 2025-09-24
[2025-09-24 11:36:29] Horas limpiadas en empleados.
[2025-09-24 11:36:29] === CIERRE FINALIZADO ===
[2025-09-25 17:31:12] === CIERRE INICIADO para fecha 2025-09-24 ===
[2025-09-25 17:31:13] Empleados con marca: 0
[2025-09-25 17:31:13] No había marcas; no se creó CSV ni histórico.
[2025-09-25 17:31:13] Horas limpiadas en empleados.
[2025-09-25 17:31:13] === CIERRE FINALIZADO ===
[2025-09-25 17:33:40] === CIERRE INICIADO para fecha 2025-09-25 ===
[2025-09-25 17:33:40] Empleados con marca: 1
[2025-09-25 17:33:40] CSV generado: C:\xampp\htdocs\Checador_Scap/reportes/reporte_asistencias_2025-09-25.csv
[2025-09-25 17:33:40] Fila creada en reportes para 2025-09-25
[2025-09-25 17:33:40] Horas limpiadas en empleados.
[2025-09-25 17:33:40] === CIERRE FINALIZADO ===
[2025-09-27 14:42:41] === CIERRE INICIADO para fecha 2025-09-26 ===
[2025-09-27 14:42:41] Empleados con marca: 1
[2025-09-27 14:42:41] CSV generado: C:\xampp\htdocs\Checador_Scap/reportes/reporte_asistencias_2025-09-26.csv
[2025-10-08 19:34:45] === CIERRE INICIADO para fecha 2025-10-07 ===
[2025-10-08 19:34:45] Empleados con marca: 2
[2025-10-08 19:34:45] CSV generado: C:\xampp\htdocs\Checador_Scap/reportes/reporte_asistencias_2025-10-07.csv
[2025-10-20 22:26:01] === CIERRE INICIADO para fecha 2025-10-19 ===
[2025-10-20 22:26:01] Empleados con marca: 2
[2025-10-20 22:26:01] CSV generado: C:\xampp\htdocs\Checador_Scap/reportes/reporte_asistencias_2025-10-19.csv
[2025-11-04 21:06:25] === CIERRE INICIADO para fecha 2025-11-03 ===
[2025-11-04 21:06:25] Empleados con marca: 1
[2025-11-04 21:06:25] CSV generado: C:\xampp\htdocs\Checador_Scap/reportes/reporte_asistencias_2025-11-03.csv
[2025-11-11 15:48:26] === CIERRE INICIADO para fecha 2025-11-10 ===
[2025-11-11 15:48:26] Empleados con marca: 1
[2025-11-11 15:48:26] CSV generado: C:\xampp\htdocs\Checador_Scap/reportes/reporte_asistencias_2025-11-10.csv
[2025-11-12 00:00:02] === CIERRE INICIADO para fecha 2025-11-11 ===
[2025-11-12 00:00:02] Empleados con marca: 0
[2025-11-12 00:00:02] No había marcas; no se creó CSV ni histórico.
[2025-11-12 00:00:02] Horas limpiadas en empleados.
[2025-11-12 00:00:02] === CIERRE FINALIZADO ===
[2025-11-16 18:01:14] === CIERRE INICIADO para fecha 2025-11-15 ===
[2025-11-16 18:01:14] Empleados con marca: 0
[2025-11-16 18:01:14] No había marcas; no se creó CSV ni histórico.
[2025-11-16 18:01:14] Horas limpiadas en empleados.
[2025-11-16 18:01:14] === CIERRE FINALIZADO ===
[2025-11-17 17:25:01] === CIERRE INICIADO para fecha 2025-11-16 ===
[2025-11-17 17:25:01] Empleados con marca: 0
[2025-11-17 17:25:01] No había marcas; no se creó CSV ni histórico.
[2025-11-17 17:25:01] Horas limpiadas en empleados.
[2025-11-17 17:25:01] === CIERRE FINALIZADO ===
[2025-11-18 15:07:03] === CIERRE INICIADO para fecha 2025-11-17 ===
[2025-11-18 15:07:03] Empleados con marca: 0
[2025-11-18 15:07:03] No había marcas; no se creó CSV ni histórico.
[2025-11-18 15:07:03] Horas limpiadas en empleados.
[2025-11-18 15:07:03] === CIERRE FINALIZADO ===
[2025-11-19 22:12:06] === CIERRE INICIADO para fecha 2025-11-18 ===
[2025-11-19 22:12:06] Empleados con marca: 0
[2025-11-19 22:12:06] No había marcas; no se creó CSV ni histórico.
[2025-11-19 22:12:06] Horas limpiadas en empleados.
[2025-11-19 22:12:06] === CIERRE FINALIZADO ===
[2025-11-20 00:29:08] === CIERRE INICIADO para fecha 2025-11-19 ===
[2025-11-20 00:29:08] Empleados con marca: 0
[2025-11-20 00:29:08] No había marcas; no se creó CSV ni histórico.
[2025-11-20 00:29:08] Horas limpiadas en empleados.
[2025-11-20 00:29:08] === CIERRE FINALIZADO ===
[2025-11-25 13:08:21] === CIERRE INICIADO para fecha 2025-11-24 ===
[2025-11-25 13:08:21] Empleados con marca: 0
[2025-11-25 13:08:21] No había marcas; no se creó CSV ni histórico.
[2025-11-25 13:08:21] Horas limpiadas en empleados.
[2025-11-25 13:08:21] === CIERRE FINALIZADO ===
